{
  "RSpec": {
    "coverage": {
      "/Users/eugenes/Development/jesus/spec/support/app.rb": [
        null,
        null,
        null,
        1,
        1,
        4,
        null,
        null
      ],
      "/Users/eugenes/Development/jesus/spec/lib/god_spec.rb": [
        1,
        1,
        null,
        1,
        1,
        1,
        null,
        null,
        1,
        1,
        0,
        null,
        null,
        1,
        0,
        null,
        null,
        null,
        1,
        1,
        0,
        null,
        null,
        null,
        null,
        null,
        1,
        0,
        null,
        0,
        0,
        0,
        null,
        0,
        0,
        null,
        null,
        null
      ],
      "/Users/eugenes/Development/jesus/spec/server/home_spec.rb": [
        1,
        null,
        1,
        1,
        1,
        null,
        1,
        1,
        1,
        null,
        null,
        1,
        1,
        1,
        null,
        null,
        1,
        1,
        0,
        0,
        null,
        null,
        1,
        1,
        1,
        null,
        null,
        1,
        1,
        1,
        null,
        null
      ]
    },
    "timestamp": 1376504536
  }
}
